<?xml version="1.0" encoding="UTF-8"?>
<coverage generated="1526412282752" clover="3.2.0">
  <project timestamp="1526412282752" name="All files">
    <metrics statements="8" coveredstatements="8" conditionals="0" coveredconditionals="0" methods="3" coveredmethods="3" elements="11" coveredelements="11" complexity="0" loc="8" ncloc="8" packages="1" files="1" classes="1">
      <file name="list.js" path="/Users/john/codefellows/demo/helloworld/lib/list.js">
        <metrics statements="8" coveredstatements="8" conditionals="0" coveredconditionals="0" methods="3" coveredmethods="3"/>
        <line num="6" count="5" type="stmt"/>
        <line num="10" count="13" type="stmt"/>
        <line num="11" count="13" type="stmt"/>
        <line num="17" count="1" type="stmt"/>
        <line num="18" count="1" type="stmt"/>
        <line num="19" count="4" type="stmt"/>
        <line num="21" count="1" type="stmt"/>
        <line num="39" count="1" type="stmt"/>
      </file>
    </metrics>
  </project>
</coverage>
