{"/Users/john/codefellows/demo/helloworld/lib/list.js": {"path":"/Users/john/codefellows/demo/helloworld/lib/list.js","statementMap":{"0":{"start":{"line":6,"column":4},"end":{"line":6,"column":20}},"1":{"start":{"line":10,"column":4},"end":{"line":10,"column":29}},"2":{"start":{"line":11,"column":4},"end":{"line":11,"column":18}},"3":{"start":{"line":17,"column":18},"end":{"line":17,"column":28}},"4":{"start":{"line":18,"column":4},"end":{"line":20,"column":5}},"5":{"start":{"line":19,"column":6},"end":{"line":19,"column":43}},"6":{"start":{"line":21,"column":4},"end":{"line":21,"column":19}},"7":{"start":{"line":39,"column":0},"end":{"line":39,"column":22}}},"fnMap":{"0":{"name":"(anonymous_0)","decl":{"start":{"line":5,"column":2},"end":{"line":5,"column":3}},"loc":{"start":{"line":5,"column":16},"end":{"line":7,"column":3}},"line":5},"1":{"name":"(anonymous_1)","decl":{"start":{"line":9,"column":2},"end":{"line":9,"column":3}},"loc":{"start":{"line":9,"column":13},"end":{"line":12,"column":3}},"line":9},"2":{"name":"(anonymous_2)","decl":{"start":{"line":15,"column":2},"end":{"line":15,"column":3}},"loc":{"start":{"line":15,"column":16},"end":{"line":22,"column":3}},"line":15}},"branchMap":{},"s":{"0":5,"1":13,"2":13,"3":1,"4":1,"5":4,"6":1,"7":1},"f":{"0":5,"1":13,"2":1},"b":{},"_coverageSchema":"332fd63041d2c1bcb487cc26dd0d5f7d97098a6c","hash":"e430f369f070f0b1ff3992a9ee020d5975981f79"}
}
