{"C:\\Users\\Phillip\\codefellows\\401\\lecture\\helloworld\\lib\\person.js": {"path":"C:\\Users\\Phillip\\codefellows\\401\\lecture\\helloworld\\lib\\person.js","statementMap":{"0":{"start":{"line":3,"column":0},"end":{"line":3,"column":30}},"1":{"start":{"line":5,"column":0},"end":{"line":10,"column":2}},"2":{"start":{"line":6,"column":3},"end":{"line":6,"column":55}},"3":{"start":{"line":6,"column":36},"end":{"line":6,"column":53}},"4":{"start":{"line":8,"column":3},"end":{"line":8,"column":27}}},"fnMap":{"0":{"name":"(anonymous_0)","decl":{"start":{"line":5,"column":16},"end":{"line":5,"column":17}},"loc":{"start":{"line":5,"column":26},"end":{"line":10,"column":1}},"line":5}},"branchMap":{"0":{"loc":{"start":{"line":6,"column":3},"end":{"line":6,"column":55}},"type":"if","locations":[{"start":{"line":6,"column":3},"end":{"line":6,"column":55}},{"start":{"line":6,"column":3},"end":{"line":6,"column":55}}],"line":6}},"s":{"0":1,"1":1,"2":2,"3":1,"4":1},"f":{"0":2},"b":{"0":[1,1]},"_coverageSchema":"332fd63041d2c1bcb487cc26dd0d5f7d97098a6c","hash":"e0a884a3e7ceca8cc70db750f6ff8ef853a7bcc7"}
}
